0 info it worked if it ends with ok
1 verbose cli [ 'node', '/usr/local/bin/npm', 'install', '-g', 'n' ]
2 info using npm@1.4.14
3 info using node@v0.10.29
4 verbose cache add [ 'n', null ]
5 verbose cache add name=undefined spec="n" args=["n",null]
6 verbose parsed url { protocol: null,
6 verbose parsed url   slashes: null,
6 verbose parsed url   auth: null,
6 verbose parsed url   host: null,
6 verbose parsed url   port: null,
6 verbose parsed url   hostname: null,
6 verbose parsed url   hash: null,
6 verbose parsed url   search: null,
6 verbose parsed url   query: null,
6 verbose parsed url   pathname: 'n',
6 verbose parsed url   path: 'n',
6 verbose parsed url   href: 'n' }
7 silly lockFile d1854cae-n n
8 verbose lock n /Users/bigfish/.npm/d1854cae-n.lock
9 silly lockFile d1854cae-n n
10 silly lockFile d1854cae-n n
11 verbose addNamed [ 'n', '' ]
12 verbose addNamed [ null, '*' ]
13 silly lockFile 6b58d7dc-n n@
14 verbose lock n@ /Users/bigfish/.npm/6b58d7dc-n.lock
15 silly addNameRange { name: 'n', range: '*', hasData: false }
16 verbose url raw n
17 verbose url resolving [ 'https://registry.npmjs.org/', './n' ]
18 verbose url resolved https://registry.npmjs.org/n
19 info trying registry request attempt 1 at 10:59:14
20 http GET https://registry.npmjs.org/n
21 http 200 https://registry.npmjs.org/n
22 silly registry.get cb [ 200,
22 silly registry.get   { server: 'CouchDB/1.5.0 (Erlang OTP/R16B03)',
22 silly registry.get     etag: '"BCW2QAHEQFFAYVODGQ5DN6P4Q"',
22 silly registry.get     'content-type': 'application/json',
22 silly registry.get     'cache-control': 'max-age=60',
22 silly registry.get     'content-length': '41902',
22 silly registry.get     'accept-ranges': 'bytes',
22 silly registry.get     date: 'Fri, 03 Jul 2015 02:59:13 GMT',
22 silly registry.get     via: '1.1 varnish',
22 silly registry.get     age: '0',
22 silly registry.get     connection: 'keep-alive',
22 silly registry.get     'x-served-by': 'cache-nrt6120-NRT',
22 silly registry.get     'x-cache': 'HIT',
22 silly registry.get     'x-cache-hits': '1',
22 silly registry.get     'x-timer': 'S1435892353.541107,VS0,VE112',
22 silly registry.get     vary: 'Accept' } ]
23 silly addNameRange number 2 { name: 'n', range: '*', hasData: true }
24 silly addNameRange versions [ 'n',
24 silly addNameRange   [ '0.0.1',
24 silly addNameRange     '0.0.2',
24 silly addNameRange     '0.0.3',
24 silly addNameRange     '0.0.4',
24 silly addNameRange     '0.1.0',
24 silly addNameRange     '0.1.1',
24 silly addNameRange     '0.1.2',
24 silly addNameRange     '0.2.0',
24 silly addNameRange     '0.2.1',
24 silly addNameRange     '0.2.2',
24 silly addNameRange     '0.3.0',
24 silly addNameRange     '0.4.0',
24 silly addNameRange     '0.4.1',
24 silly addNameRange     '0.4.2',
24 silly addNameRange     '0.5.0',
24 silly addNameRange     '0.5.1',
24 silly addNameRange     '0.5.2',
24 silly addNameRange     '0.5.3',
24 silly addNameRange     '0.5.4',
24 silly addNameRange     '0.6.0',
24 silly addNameRange     '0.6.1',
24 silly addNameRange     '0.7.0',
24 silly addNameRange     '0.7.1',
24 silly addNameRange     '0.7.2',
24 silly addNameRange     '0.7.3',
24 silly addNameRange     '0.8.0',
24 silly addNameRange     '0.8.1',
24 silly addNameRange     '0.8.2',
24 silly addNameRange     '0.9.0',
24 silly addNameRange     '0.9.1',
24 silly addNameRange     '0.9.2',
24 silly addNameRange     '0.9.3',
24 silly addNameRange     '1.0.0',
24 silly addNameRange     '1.1.0',
24 silly addNameRange     '1.2.1',
24 silly addNameRange     '1.2.2',
24 silly addNameRange     '1.2.3',
24 silly addNameRange     '1.2.4',
24 silly addNameRange     '1.2.5',
24 silly addNameRange     '1.2.6',
24 silly addNameRange     '1.2.7',
24 silly addNameRange     '1.2.8',
24 silly addNameRange     '1.2.9',
24 silly addNameRange     '1.2.11',
24 silly addNameRange     '1.2.13',
24 silly addNameRange     '1.2.14',
24 silly addNameRange     '1.3.0' ] ]
25 verbose addNamed [ 'n', '1.3.0' ]
26 verbose addNamed [ '1.3.0', '1.3.0' ]
27 silly lockFile 3a747da7-n-1-3-0 n@1.3.0
28 verbose lock n@1.3.0 /Users/bigfish/.npm/3a747da7-n-1-3-0.lock
29 silly lockFile fae205cc-registry-npmjs-org-n-n-1-3-0-tgz https://registry.npmjs.org/n/-/n-1.3.0.tgz
30 verbose lock https://registry.npmjs.org/n/-/n-1.3.0.tgz /Users/bigfish/.npm/fae205cc-registry-npmjs-org-n-n-1-3-0-tgz.lock
31 verbose addRemoteTarball [ 'https://registry.npmjs.org/n/-/n-1.3.0.tgz',
31 verbose addRemoteTarball   '95afad80d2c73e89151efc0b4e6a8905cbb8ed2d' ]
32 info retry fetch attempt 1 at 10:59:15
33 verbose fetch to= /var/folders/zy/_99n_1xx51s55tg9dl0qkctw0000gn/T/npm-59474-T4-kQtei/registry.npmjs.org/n/-/n-1.3.0.tgz
34 http GET https://registry.npmjs.org/n/-/n-1.3.0.tgz
35 http 200 https://registry.npmjs.org/n/-/n-1.3.0.tgz
36 silly lockFile fae205cc-registry-npmjs-org-n-n-1-3-0-tgz https://registry.npmjs.org/n/-/n-1.3.0.tgz
37 silly lockFile fae205cc-registry-npmjs-org-n-n-1-3-0-tgz https://registry.npmjs.org/n/-/n-1.3.0.tgz
38 silly lockFile 3a747da7-n-1-3-0 n@1.3.0
39 silly lockFile 3a747da7-n-1-3-0 n@1.3.0
40 silly lockFile 6b58d7dc-n n@
41 silly lockFile 6b58d7dc-n n@
42 silly resolved [ { name: 'n',
42 silly resolved     description: 'node version manager',
42 silly resolved     version: '1.3.0',
42 silly resolved     author: { name: 'TJ Holowaychuk', email: 'tj@vision-media.ca' },
42 silly resolved     homepage: 'https://github.com/tj/n',
42 silly resolved     bugs: { url: 'https://github.com/tj/n/issues' },
42 silly resolved     contributors: [ [Object] ],
42 silly resolved     keywords:
42 silly resolved      [ 'nvm',
42 silly resolved        'node',
42 silly resolved        'version',
42 silly resolved        'manager',
42 silly resolved        'switcher',
42 silly resolved        'node',
42 silly resolved        'binary',
42 silly resolved        'env' ],
42 silly resolved     bin: { n: './bin/n' },
42 silly resolved     repository: { type: 'git', url: 'git://github.com/tj/n.git' },
42 silly resolved     preferGlobal: true,
42 silly resolved     os: [ '!win32' ],
42 silly resolved     engines: { node: '*' },
42 silly resolved     license: 'MIT',
42 silly resolved     gitHead: 'ab194b3b1ca8539b2b1f9f9755d1401a667d0a95',
42 silly resolved     _id: 'n@1.3.0',
42 silly resolved     scripts: {},
42 silly resolved     _shasum: '95afad80d2c73e89151efc0b4e6a8905cbb8ed2d',
42 silly resolved     _from: 'n@',
42 silly resolved     _npmVersion: '1.4.28',
42 silly resolved     _npmUser: { name: 'tjwebb', email: 'me@traviswebb.com' },
42 silly resolved     maintainers: [ [Object], [Object], [Object] ],
42 silly resolved     dist:
42 silly resolved      { shasum: '95afad80d2c73e89151efc0b4e6a8905cbb8ed2d',
42 silly resolved        tarball: 'http://registry.npmjs.org/n/-/n-1.3.0.tgz' },
42 silly resolved     directories: {},
42 silly resolved     _resolved: 'https://registry.npmjs.org/n/-/n-1.3.0.tgz' } ]
43 info install n@1.3.0 into /usr/local/lib
44 info installOne n@1.3.0
45 info /usr/local/lib/node_modules/n unbuild
46 verbose tar unpack /Users/bigfish/.npm/n/1.3.0/package.tgz
47 silly lockFile 9a5950d7-tar-usr-local-lib-node-modules-n tar:///usr/local/lib/node_modules/n
48 verbose lock tar:///usr/local/lib/node_modules/n /Users/bigfish/.npm/9a5950d7-tar-usr-local-lib-node-modules-n.lock
49 silly lockFile abf427cd--bigfish-npm-n-1-3-0-package-tgz tar:///Users/bigfish/.npm/n/1.3.0/package.tgz
50 verbose lock tar:///Users/bigfish/.npm/n/1.3.0/package.tgz /Users/bigfish/.npm/abf427cd--bigfish-npm-n-1-3-0-package-tgz.lock
51 silly gunzTarPerm modes [ '755', '644' ]
52 error Error: EACCES, mkdir '/usr/local/lib/node_modules/n'
52 error  { [Error: EACCES, mkdir '/usr/local/lib/node_modules/n']
52 error   errno: 3,
52 error   code: 'EACCES',
52 error   path: '/usr/local/lib/node_modules/n',
52 error   fstream_type: 'Directory',
52 error   fstream_path: '/usr/local/lib/node_modules/n',
52 error   fstream_class: 'DirWriter',
52 error   fstream_stack:
52 error    [ '/usr/local/lib/node_modules/npm/node_modules/fstream/lib/dir-writer.js:36:23',
52 error      '/usr/local/lib/node_modules/npm/node_modules/mkdirp/index.js:37:53',
52 error      'Object.oncomplete (fs.js:107:15)' ] }
53 error Please try running this command again as root/Administrator.
54 error System Darwin 14.0.0
55 error command "node" "/usr/local/bin/npm" "install" "-g" "n"
56 error cwd /Users/bigfish/Documents/github/blog
57 error node -v v0.10.29
58 error npm -v 1.4.14
59 error path /usr/local/lib/node_modules/n
60 error fstream_path /usr/local/lib/node_modules/n
61 error fstream_type Directory
62 error fstream_class DirWriter
63 error code EACCES
64 error errno 3
65 error stack Error: EACCES, mkdir '/usr/local/lib/node_modules/n'
66 error fstream_stack /usr/local/lib/node_modules/npm/node_modules/fstream/lib/dir-writer.js:36:23
66 error fstream_stack /usr/local/lib/node_modules/npm/node_modules/mkdirp/index.js:37:53
66 error fstream_stack Object.oncomplete (fs.js:107:15)
67 verbose exit [ 3, true ]
